# JRE version: OpenJDK Runtime Environment (21.0.5) (build 21.0.5+-13047016-b750.29)
# Java VM: OpenJDK 64-Bit Server VM (21.0.5+-13047016-b750.29, mixed mode, tiered, compressed oops, compressed class ptrs, g1 gc, windows-amd64)
GC Precious Log:
 CardTable entry size: 512
 Card Set container configuration: InlinePtr #cards 5 size 8 Array Of Cards #cards 12 size 40 Howl #buckets 4 coarsen threshold 1843 Howl Bitmap #cards 512 size 80 coarsen threshold 460 Card regions per heap region 1 cards per card region 2048
 CPUs: 12 total, 12 available
 Memory: 5996M
 Large Page Support: Disabled
 NUMA Support: Disabled
 Compressed Oops: Enabled (32-bit)
 Heap Region Size: 1M
 Heap Min Capacity: 8M
 Heap Initial Capacity: 94M
 Heap Max Capacity: 1500M
 Pre-touch: Disabled
 Parallel Workers: 10
 Concurrent Workers: 3
 Concurrent Refinement Workers: 10
 Periodic GC: Disabled
Heap:
 garbage-first heap   total 165888K, used 115712K [0x00000000a2400000, 0x0000000100000000)
  region size 1024K, 18 young (18432K), 6 survivors (6144K)
 Metaspace       used 91008K, committed 91392K, reserved 1179648K
  class space    used 9551K, committed 9728K, reserved 1048576K
GC Heap History (20 events):
Event: 8.944 GC heap before
{Heap before GC invocations=20 (full 0):
 garbage-first heap   total 114688K, used 89869K [0x00000000a2400000, 0x0000000100000000)
  region size 1024K, 43 young (44032K), 6 survivors (6144K)
 Metaspace       used 63009K, committed 63296K, reserved 1114112K
  class space    used 7268K, committed 7360K, reserved 1048576K
}
Event: 8.986 GC heap after
{Heap after GC invocations=21 (full 0):
 garbage-first heap   total 114688K, used 59392K [0x00000000a2400000, 0x0000000100000000)
  region size 1024K, 6 young (6144K), 6 survivors (6144K)
 Metaspace       used 63009K, committed 63296K, reserved 1114112K
  class space    used 7268K, committed 7360K, reserved 1048576K
}
Event: 10.041 GC heap before
{Heap before GC invocations=21 (full 0):
 garbage-first heap   total 114688K, used 93184K [0x00000000a2400000, 0x0000000100000000)
  region size 1024K, 39 young (39936K), 6 survivors (6144K)
 Metaspace       used 64540K, committed 64832K, reserved 1114112K
  class space    used 7349K, committed 7488K, reserved 1048576K
}
Event: 10.071 GC heap after
{Heap after GC invocations=22 (full 0):
 garbage-first heap   total 114688K, used 66048K [0x00000000a2400000, 0x0000000100000000)
  region size 1024K, 5 young (5120K), 5 survivors (5120K)
 Metaspace       used 64540K, committed 64832K, reserved 1114112K
  class space    used 7349K, committed 7488K, reserved 1048576K
}
Event: 10.903 GC heap before
{Heap before GC invocations=23 (full 0):
 garbage-first heap   total 114688K, used 95744K [0x00000000a2400000, 0x0000000100000000)
  region size 1024K, 35 young (35840K), 5 survivors (5120K)
 Metaspace       used 65856K, committed 66176K, reserved 1114112K
  class space    used 7415K, committed 7552K, reserved 1048576K
}
Event: 10.938 GC heap after
{Heap after GC invocations=24 (full 0):
 garbage-first heap   total 114688K, used 71168K [0x00000000a2400000, 0x0000000100000000)
  region size 1024K, 5 young (5120K), 5 survivors (5120K)
 Metaspace       used 65856K, committed 66176K, reserved 1114112K
  class space    used 7415K, committed 7552K, reserved 1048576K
}
Event: 12.104 GC heap before
{Heap before GC invocations=24 (full 0):
 garbage-first heap   total 114688K, used 98816K [0x00000000a2400000, 0x0000000100000000)
  region size 1024K, 32 young (32768K), 5 survivors (5120K)
 Metaspace       used 68902K, committed 69312K, reserved 1114112K
  class space    used 7675K, committed 7872K, reserved 1048576K
}
Event: 12.128 GC heap after
{Heap after GC invocations=25 (full 0):
 garbage-first heap   total 114688K, used 74752K [0x00000000a2400000, 0x0000000100000000)
  region size 1024K, 4 young (4096K), 4 survivors (4096K)
 Metaspace       used 68902K, committed 69312K, reserved 1114112K
  class space    used 7675K, committed 7872K, reserved 1048576K
}
Event: 12.501 GC heap before
{Heap before GC invocations=25 (full 0):
 garbage-first heap   total 114688K, used 101376K [0x00000000a2400000, 0x0000000100000000)
  region size 1024K, 30 young (30720K), 4 survivors (4096K)
 Metaspace       used 69150K, committed 69504K, reserved 1114112K
  class space    used 7694K, committed 7872K, reserved 1048576K
}
Event: 12.527 GC heap after
{Heap after GC invocations=26 (full 0):
 garbage-first heap   total 146432K, used 80896K [0x00000000a2400000, 0x0000000100000000)
  region size 1024K, 4 young (4096K), 4 survivors (4096K)
 Metaspace       used 69150K, committed 69504K, reserved 1114112K
  class space    used 7694K, committed 7872K, reserved 1048576K
}
Event: 13.562 GC heap before
{Heap before GC invocations=27 (full 0):
 garbage-first heap   total 146432K, used 122880K [0x00000000a2400000, 0x0000000100000000)
  region size 1024K, 46 young (47104K), 4 survivors (4096K)
 Metaspace       used 74330K, committed 74752K, reserved 1179648K
  class space    used 8182K, committed 8384K, reserved 1048576K
}
Event: 13.580 GC heap after
{Heap after GC invocations=28 (full 0):
 garbage-first heap   total 146432K, used 87341K [0x00000000a2400000, 0x0000000100000000)
  region size 1024K, 6 young (6144K), 6 survivors (6144K)
 Metaspace       used 74330K, committed 74752K, reserved 1179648K
  class space    used 8182K, committed 8384K, reserved 1048576K
}
Event: 14.426 GC heap before
{Heap before GC invocations=28 (full 0):
 garbage-first heap   total 146432K, used 126253K [0x00000000a2400000, 0x0000000100000000)
  region size 1024K, 44 young (45056K), 6 survivors (6144K)
 Metaspace       used 76441K, committed 76800K, reserved 1179648K
  class space    used 8323K, committed 8512K, reserved 1048576K
}
Event: 14.454 GC heap after
{Heap after GC invocations=29 (full 0):
 garbage-first heap   total 146432K, used 94208K [0x00000000a2400000, 0x0000000100000000)
  region size 1024K, 6 young (6144K), 6 survivors (6144K)
 Metaspace       used 76441K, committed 76800K, reserved 1179648K
  class space    used 8323K, committed 8512K, reserved 1048576K
}
Event: 15.205 GC heap before
{Heap before GC invocations=29 (full 0):
 garbage-first heap   total 146432K, used 128000K [0x00000000a2400000, 0x0000000100000000)
  region size 1024K, 39 young (39936K), 6 survivors (6144K)
 Metaspace       used 79895K, committed 80256K, reserved 1179648K
  class space    used 8609K, committed 8768K, reserved 1048576K
}
Event: 15.226 GC heap after
{Heap after GC invocations=30 (full 0):
 garbage-first heap   total 146432K, used 98526K [0x00000000a2400000, 0x0000000100000000)
  region size 1024K, 4 young (4096K), 4 survivors (4096K)
 Metaspace       used 79895K, committed 80256K, reserved 1179648K
  class space    used 8609K, committed 8768K, reserved 1048576K
}
Event: 16.440 GC heap before
{Heap before GC invocations=31 (full 0):
 garbage-first heap   total 165888K, used 130270K [0x00000000a2400000, 0x0000000100000000)
  region size 1024K, 35 young (35840K), 4 survivors (4096K)
 Metaspace       used 86330K, committed 86656K, reserved 1179648K
  class space    used 9177K, committed 9344K, reserved 1048576K
}
Event: 16.452 GC heap after
{Heap after GC invocations=32 (full 0):
 garbage-first heap   total 165888K, used 102742K [0x00000000a2400000, 0x0000000100000000)
  region size 1024K, 4 young (4096K), 4 survivors (4096K)
 Metaspace       used 86330K, committed 86656K, reserved 1179648K
  class space    used 9177K, committed 9344K, reserved 1048576K
}
Event: 17.403 GC heap before
{Heap before GC invocations=32 (full 0):
 garbage-first heap   total 165888K, used 145750K [0x00000000a2400000, 0x0000000100000000)
  region size 1024K, 46 young (47104K), 4 survivors (4096K)
 Metaspace       used 87792K, committed 88192K, reserved 1179648K
  class space    used 9237K, committed 9408K, reserved 1048576K
}
Event: 17.422 GC heap after
{Heap after GC invocations=33 (full 0):
 garbage-first heap   total 165888K, used 104448K [0x00000000a2400000, 0x0000000100000000)
  region size 1024K, 6 young (6144K), 6 survivors (6144K)
 Metaspace       used 87792K, committed 88192K, reserved 1179648K
  class space    used 9237K, committed 9408K, reserved 1048576K
}

