# JRE version: OpenJDK Runtime Environment (21.0.5) (build 21.0.5+-13047016-b750.29)
# Java VM: OpenJDK 64-Bit Server VM (21.0.5+-13047016-b750.29, mixed mode, tiered, compressed oops, compressed class ptrs, g1 gc, windows-amd64)
GC Precious Log:
 CardTable entry size: 512
 Card Set container configuration: InlinePtr #cards 5 size 8 Array Of Cards #cards 12 size 40 Howl #buckets 4 coarsen threshold 1843 Howl Bitmap #cards 512 size 80 coarsen threshold 460 Card regions per heap region 1 cards per card region 2048
 CPUs: 12 total, 12 available
 Memory: 5996M
 Large Page Support: Disabled
 NUMA Support: Disabled
 Compressed Oops: Enabled (32-bit)
 Heap Region Size: 1M
 Heap Min Capacity: 8M
 Heap Initial Capacity: 94M
 Heap Max Capacity: 1500M
 Pre-touch: Disabled
 Parallel Workers: 10
 Concurrent Workers: 3
 Concurrent Refinement Workers: 10
 Periodic GC: Disabled
Heap:
 garbage-first heap   total 120832K, used 60163K [0x00000000a2400000, 0x0000000100000000)
  region size 1024K, 18 young (18432K), 3 survivors (3072K)
 Metaspace       used 59446K, committed 59712K, reserved 1114112K
  class space    used 6882K, committed 6976K, reserved 1048576K
GC Heap History (20 events):
Event: 3.707 GC heap before
{Heap before GC invocations=7 (full 0):
 garbage-first heap   total 46080K, used 23163K [0x00000000a2400000, 0x0000000100000000)
  region size 1024K, 8 young (8192K), 2 survivors (2048K)
 Metaspace       used 35789K, committed 35968K, reserved 1114112K
  class space    used 4282K, committed 4352K, reserved 1048576K
}
Event: 3.711 GC heap after
{Heap after GC invocations=8 (full 0):
 garbage-first heap   total 46080K, used 18599K [0x00000000a2400000, 0x0000000100000000)
  region size 1024K, 1 young (1024K), 1 survivors (1024K)
 Metaspace       used 35789K, committed 35968K, reserved 1114112K
  class space    used 4282K, committed 4352K, reserved 1048576K
}
Event: 4.295 GC heap before
{Heap before GC invocations=9 (full 0):
 garbage-first heap   total 46080K, used 37031K [0x00000000a2400000, 0x0000000100000000)
  region size 1024K, 20 young (20480K), 1 survivors (1024K)
 Metaspace       used 41020K, committed 41280K, reserved 1114112K
  class space    used 4818K, committed 4992K, reserved 1048576K
}
Event: 4.299 GC heap after
{Heap after GC invocations=10 (full 0):
 garbage-first heap   total 46080K, used 19469K [0x00000000a2400000, 0x0000000100000000)
  region size 1024K, 2 young (2048K), 2 survivors (2048K)
 Metaspace       used 41020K, committed 41280K, reserved 1114112K
  class space    used 4818K, committed 4992K, reserved 1048576K
}
Event: 4.854 GC heap before
{Heap before GC invocations=10 (full 0):
 garbage-first heap   total 46080K, used 37901K [0x00000000a2400000, 0x0000000100000000)
  region size 1024K, 21 young (21504K), 2 survivors (2048K)
 Metaspace       used 45579K, committed 45888K, reserved 1114112K
  class space    used 5275K, committed 5440K, reserved 1048576K
}
Event: 4.862 GC heap after
{Heap after GC invocations=11 (full 0):
 garbage-first heap   total 46080K, used 20717K [0x00000000a2400000, 0x0000000100000000)
  region size 1024K, 3 young (3072K), 3 survivors (3072K)
 Metaspace       used 45579K, committed 45888K, reserved 1114112K
  class space    used 5275K, committed 5440K, reserved 1048576K
}
Event: 5.316 GC heap before
{Heap before GC invocations=11 (full 0):
 garbage-first heap   total 46080K, used 39149K [0x00000000a2400000, 0x0000000100000000)
  region size 1024K, 21 young (21504K), 3 survivors (3072K)
 Metaspace       used 48175K, committed 48448K, reserved 1114112K
  class space    used 5523K, committed 5632K, reserved 1048576K
}
Event: 5.334 GC heap after
{Heap after GC invocations=12 (full 0):
 garbage-first heap   total 46080K, used 24391K [0x00000000a2400000, 0x0000000100000000)
  region size 1024K, 3 young (3072K), 3 survivors (3072K)
 Metaspace       used 48175K, committed 48448K, reserved 1114112K
  class space    used 5523K, committed 5632K, reserved 1048576K
}
Event: 5.695 GC heap before
{Heap before GC invocations=12 (full 0):
 garbage-first heap   total 46080K, used 39751K [0x00000000a2400000, 0x0000000100000000)
  region size 1024K, 18 young (18432K), 3 survivors (3072K)
 Metaspace       used 49398K, committed 49728K, reserved 1114112K
  class space    used 5653K, committed 5824K, reserved 1048576K
}
Event: 5.716 GC heap after
{Heap after GC invocations=13 (full 0):
 garbage-first heap   total 58368K, used 29124K [0x00000000a2400000, 0x0000000100000000)
  region size 1024K, 3 young (3072K), 3 survivors (3072K)
 Metaspace       used 49398K, committed 49728K, reserved 1114112K
  class space    used 5653K, committed 5824K, reserved 1048576K
}
Event: 6.292 GC heap before
{Heap before GC invocations=14 (full 0):
 garbage-first heap   total 58368K, used 48580K [0x00000000a2400000, 0x0000000100000000)
  region size 1024K, 22 young (22528K), 3 survivors (3072K)
 Metaspace       used 54706K, committed 54976K, reserved 1114112K
  class space    used 6367K, committed 6528K, reserved 1048576K
}
Event: 6.304 GC heap after
{Heap after GC invocations=15 (full 0):
 garbage-first heap   total 58368K, used 33392K [0x00000000a2400000, 0x0000000100000000)
  region size 1024K, 3 young (3072K), 3 survivors (3072K)
 Metaspace       used 54706K, committed 54976K, reserved 1114112K
  class space    used 6367K, committed 6528K, reserved 1048576K
}
Event: 6.393 GC heap before
{Heap before GC invocations=15 (full 0):
 garbage-first heap   total 58368K, used 49776K [0x00000000a2400000, 0x0000000100000000)
  region size 1024K, 19 young (19456K), 3 survivors (3072K)
 Metaspace       used 54806K, committed 55168K, reserved 1114112K
  class space    used 6369K, committed 6528K, reserved 1048576K
}
Event: 6.410 GC heap after
{Heap after GC invocations=16 (full 0):
 garbage-first heap   total 59392K, used 38722K [0x00000000a2400000, 0x0000000100000000)
  region size 1024K, 3 young (3072K), 3 survivors (3072K)
 Metaspace       used 54806K, committed 55168K, reserved 1114112K
  class space    used 6369K, committed 6528K, reserved 1048576K
}
Event: 6.596 GC heap before
{Heap before GC invocations=16 (full 0):
 garbage-first heap   total 59392K, used 48962K [0x00000000a2400000, 0x0000000100000000)
  region size 1024K, 14 young (14336K), 3 survivors (3072K)
 Metaspace       used 55413K, committed 55680K, reserved 1114112K
  class space    used 6403K, committed 6528K, reserved 1048576K
}
Event: 6.606 GC heap after
{Heap after GC invocations=17 (full 0):
 garbage-first heap   total 59392K, used 42496K [0x00000000a2400000, 0x0000000100000000)
  region size 1024K, 2 young (2048K), 2 survivors (2048K)
 Metaspace       used 55413K, committed 55680K, reserved 1114112K
  class space    used 6403K, committed 6528K, reserved 1048576K
}
Event: 6.874 GC heap before
{Heap before GC invocations=18 (full 0):
 garbage-first heap   total 71680K, used 50688K [0x00000000a2400000, 0x0000000100000000)
  region size 1024K, 10 young (10240K), 2 survivors (2048K)
 Metaspace       used 56453K, committed 56704K, reserved 1114112K
  class space    used 6551K, committed 6656K, reserved 1048576K
}
Event: 6.885 GC heap after
{Heap after GC invocations=19 (full 0):
 garbage-first heap   total 71680K, used 44558K [0x00000000a2400000, 0x0000000100000000)
  region size 1024K, 2 young (2048K), 2 survivors (2048K)
 Metaspace       used 56453K, committed 56704K, reserved 1114112K
  class space    used 6551K, committed 6656K, reserved 1048576K
}
Event: 7.229 GC heap before
{Heap before GC invocations=19 (full 0):
 garbage-first heap   total 71680K, used 58894K [0x00000000a2400000, 0x0000000100000000)
  region size 1024K, 17 young (17408K), 2 survivors (2048K)
 Metaspace       used 59063K, committed 59328K, reserved 1114112K
  class space    used 6840K, committed 6976K, reserved 1048576K
}
Event: 7.240 GC heap after
{Heap after GC invocations=20 (full 0):
 garbage-first heap   total 120832K, used 45827K [0x00000000a2400000, 0x0000000100000000)
  region size 1024K, 3 young (3072K), 3 survivors (3072K)
 Metaspace       used 59063K, committed 59328K, reserved 1114112K
  class space    used 6840K, committed 6976K, reserved 1048576K
}

