# JRE version: OpenJDK Runtime Environment (21.0.5) (build 21.0.5+-13047016-b750.29)
# Java VM: OpenJDK 64-Bit Server VM (21.0.5+-13047016-b750.29, mixed mode, tiered, compressed oops, compressed class ptrs, g1 gc, windows-amd64)
GC Precious Log:
 CardTable entry size: 512
 Card Set container configuration: InlinePtr #cards 5 size 8 Array Of Cards #cards 12 size 40 Howl #buckets 4 coarsen threshold 1843 Howl Bitmap #cards 512 size 80 coarsen threshold 460 Card regions per heap region 1 cards per card region 2048
 CPUs: 12 total, 12 available
 Memory: 5996M
 Large Page Support: Disabled
 NUMA Support: Disabled
 Compressed Oops: Enabled (32-bit)
 Heap Region Size: 1M
 Heap Min Capacity: 8M
 Heap Initial Capacity: 94M
 Heap Max Capacity: 2G
 Pre-touch: Disabled
 Parallel Workers: 10
 Concurrent Workers: 3
 Concurrent Refinement Workers: 10
 Periodic GC: Disabled
Heap:
 garbage-first heap   total 333824K, used 270011K [0x0000000080000000, 0x0000000100000000)
  region size 1024K, 117 young (119808K), 10 survivors (10240K)
 Metaspace       used 135072K, committed 137408K, reserved 1179648K
  class space    used 17944K, committed 19136K, reserved 1048576K
GC Heap History (20 events):
Event: 27.134 GC heap before
{Heap before GC invocations=41 (full 0):
 garbage-first heap   total 181248K, used 164412K [0x0000000080000000, 0x0000000100000000)
  region size 1024K, 54 young (55296K), 5 survivors (5120K)
 Metaspace       used 117477K, committed 119744K, reserved 1179648K
  class space    used 16112K, committed 17280K, reserved 1048576K
}
Event: 27.139 GC heap after
{Heap after GC invocations=42 (full 0):
 garbage-first heap   total 181248K, used 115645K [0x0000000080000000, 0x0000000100000000)
  region size 1024K, 6 young (6144K), 6 survivors (6144K)
 Metaspace       used 117477K, committed 119744K, reserved 1179648K
  class space    used 16112K, committed 17280K, reserved 1048576K
}
Event: 28.067 GC heap before
{Heap before GC invocations=43 (full 0):
 garbage-first heap   total 194560K, used 172989K [0x0000000080000000, 0x0000000100000000)
  region size 1024K, 53 young (54272K), 6 survivors (6144K)
 Metaspace       used 119808K, committed 121984K, reserved 1179648K
  class space    used 16326K, committed 17408K, reserved 1048576K
}
Event: 28.080 GC heap after
{Heap after GC invocations=44 (full 0):
 garbage-first heap   total 194560K, used 129320K [0x0000000080000000, 0x0000000100000000)
  region size 1024K, 7 young (7168K), 7 survivors (7168K)
 Metaspace       used 119808K, committed 121984K, reserved 1179648K
  class space    used 16326K, committed 17408K, reserved 1048576K
}
Event: 28.524 GC heap before
{Heap before GC invocations=44 (full 0):
 garbage-first heap   total 194560K, used 169256K [0x0000000080000000, 0x0000000100000000)
  region size 1024K, 47 young (48128K), 7 survivors (7168K)
 Metaspace       used 120441K, committed 122624K, reserved 1179648K
  class space    used 16400K, committed 17472K, reserved 1048576K
}
Event: 28.549 GC heap after
{Heap after GC invocations=45 (full 0):
 garbage-first heap   total 207872K, used 156007K [0x0000000080000000, 0x0000000100000000)
  region size 1024K, 6 young (6144K), 6 survivors (6144K)
 Metaspace       used 120441K, committed 122624K, reserved 1179648K
  class space    used 16400K, committed 17472K, reserved 1048576K
}
Event: 29.116 GC heap before
{Heap before GC invocations=45 (full 0):
 garbage-first heap   total 207872K, used 178535K [0x0000000080000000, 0x0000000100000000)
  region size 1024K, 29 young (29696K), 6 survivors (6144K)
 Metaspace       used 120868K, committed 123072K, reserved 1179648K
  class space    used 16449K, committed 17536K, reserved 1048576K
}
Event: 29.125 GC heap after
{Heap after GC invocations=46 (full 0):
 garbage-first heap   total 207872K, used 160471K [0x0000000080000000, 0x0000000100000000)
  region size 1024K, 3 young (3072K), 3 survivors (3072K)
 Metaspace       used 120868K, committed 123072K, reserved 1179648K
  class space    used 16449K, committed 17536K, reserved 1048576K
}
Event: 30.070 GC heap before
{Heap before GC invocations=47 (full 0):
 garbage-first heap   total 268288K, used 184023K [0x0000000080000000, 0x0000000100000000)
  region size 1024K, 26 young (26624K), 3 survivors (3072K)
 Metaspace       used 123177K, committed 125376K, reserved 1179648K
  class space    used 16729K, committed 17856K, reserved 1048576K
}
Event: 30.079 GC heap after
{Heap after GC invocations=48 (full 0):
 garbage-first heap   total 268288K, used 163497K [0x0000000080000000, 0x0000000100000000)
  region size 1024K, 4 young (4096K), 4 survivors (4096K)
 Metaspace       used 123177K, committed 125376K, reserved 1179648K
  class space    used 16729K, committed 17856K, reserved 1048576K
}
Event: 30.916 GC heap before
{Heap before GC invocations=48 (full 0):
 garbage-first heap   total 268288K, used 255657K [0x0000000080000000, 0x0000000100000000)
  region size 1024K, 66 young (67584K), 4 survivors (4096K)
 Metaspace       used 125843K, committed 128128K, reserved 1179648K
  class space    used 17004K, committed 18176K, reserved 1048576K
}
Event: 30.934 GC heap after
{Heap after GC invocations=49 (full 0):
 garbage-first heap   total 277504K, used 174342K [0x0000000080000000, 0x0000000100000000)
  region size 1024K, 9 young (9216K), 9 survivors (9216K)
 Metaspace       used 125843K, committed 128128K, reserved 1179648K
  class space    used 17004K, committed 18176K, reserved 1048576K
}
Event: 31.320 GC heap before
{Heap before GC invocations=49 (full 0):
 garbage-first heap   total 277504K, used 233734K [0x0000000080000000, 0x0000000100000000)
  region size 1024K, 68 young (69632K), 9 survivors (9216K)
 Metaspace       used 126131K, committed 128384K, reserved 1179648K
  class space    used 17033K, committed 18176K, reserved 1048576K
}
Event: 31.523 GC heap after
{Heap after GC invocations=50 (full 0):
 garbage-first heap   total 333824K, used 178113K [0x0000000080000000, 0x0000000100000000)
  region size 1024K, 5 young (5120K), 5 survivors (5120K)
 Metaspace       used 126131K, committed 128384K, reserved 1179648K
  class space    used 17033K, committed 18176K, reserved 1048576K
}
Event: 32.817 GC heap before
{Heap before GC invocations=51 (full 0):
 garbage-first heap   total 333824K, used 281537K [0x0000000080000000, 0x0000000100000000)
  region size 1024K, 109 young (111616K), 5 survivors (5120K)
 Metaspace       used 127894K, committed 130176K, reserved 1179648K
  class space    used 17233K, committed 18368K, reserved 1048576K
}
Event: 32.827 GC heap after
{Heap after GC invocations=52 (full 0):
 garbage-first heap   total 333824K, used 181777K [0x0000000080000000, 0x0000000100000000)
  region size 1024K, 11 young (11264K), 11 survivors (11264K)
 Metaspace       used 127894K, committed 130176K, reserved 1179648K
  class space    used 17233K, committed 18368K, reserved 1048576K
}
Event: 33.314 GC heap before
{Heap before GC invocations=52 (full 0):
 garbage-first heap   total 333824K, used 285201K [0x0000000080000000, 0x0000000100000000)
  region size 1024K, 112 young (114688K), 11 survivors (11264K)
 Metaspace       used 128601K, committed 130944K, reserved 1179648K
  class space    used 17322K, committed 18496K, reserved 1048576K
}
Event: 33.327 GC heap after
{Heap after GC invocations=53 (full 0):
 garbage-first heap   total 333824K, used 177108K [0x0000000080000000, 0x0000000100000000)
  region size 1024K, 8 young (8192K), 8 survivors (8192K)
 Metaspace       used 128601K, committed 130944K, reserved 1179648K
  class space    used 17322K, committed 18496K, reserved 1048576K
}
Event: 37.725 GC heap before
{Heap before GC invocations=53 (full 0):
 garbage-first heap   total 333824K, used 290772K [0x0000000080000000, 0x0000000100000000)
  region size 1024K, 120 young (122880K), 8 survivors (8192K)
 Metaspace       used 129302K, committed 131584K, reserved 1179648K
  class space    used 17401K, committed 18560K, reserved 1048576K
}
Event: 37.734 GC heap after
{Heap after GC invocations=54 (full 0):
 garbage-first heap   total 333824K, used 178875K [0x0000000080000000, 0x0000000100000000)
  region size 1024K, 10 young (10240K), 10 survivors (10240K)
 Metaspace       used 129302K, committed 131584K, reserved 1179648K
  class space    used 17401K, committed 18560K, reserved 1048576K
}

